<?xml version="1.0" encoding="UTF-8"?>
<testng-results ignored="0" total="1" passed="1" failed="0" skipped="0">
  <reporter-output>
  </reporter-output>
  <suite started-at="2023-05-21T13:14:01 CDT" name="Default suite" finished-at="2023-05-21T13:14:20 CDT" duration-ms="18833">
    <groups>
    </groups>
    <test started-at="2023-05-21T13:14:01 CDT" name="Default test" finished-at="2023-05-21T13:14:20 CDT" duration-ms="18833">
      <class name="maven_package.Window_Handle">
        <test-method signature="windowhandle()[pri:0, instance:maven_package.Window_Handle@29d89d5d]" started-at="2023-05-21T13:14:01 CDT" name="windowhandle" finished-at="2023-05-21T13:14:20 CDT" duration-ms="18808" status="PASS">
          <reporter-output>
          </reporter-output>
        </test-method> <!-- windowhandle -->
      </class> <!-- maven_package.Window_Handle -->
    </test> <!-- Default test -->
  </suite> <!-- Default suite -->
</testng-results>
